
Start-Date: 2022-11-15  06:38:07
Commandline: apt-get install -y --no-install-recommends gnupg dirmngr
Install: readline-common:amd64 (8.1-1, automatic), gpg:amd64 (2.2.27-2+deb11u2, automatic), libsasl2-2:amd64 (2.1.27+dfsg-2.1+deb11u1, automatic), gnupg:amd64 (2.2.27-2+deb11u2), libsasl2-modules-db:amd64 (2.1.27+dfsg-2.1+deb11u1, automatic), gpg-wks-server:amd64 (2.2.27-2+deb11u2, automatic), libldap-2.4-2:amd64 (2.4.57+dfsg-3+deb11u1, automatic), gpg-agent:amd64 (2.2.27-2+deb11u2, automatic), libreadline8:amd64 (8.1-1, automatic), libassuan0:amd64 (2.5.3-7.1, automatic), libnpth0:amd64 (1.6-3, automatic), libsqlite3-0:amd64 (3.34.1-3, automatic), pinentry-curses:amd64 (1.1.0-4, automatic), gpgsm:amd64 (2.2.27-2+deb11u2, automatic), dirmngr:amd64 (2.2.27-2+deb11u2), libksba8:amd64 (1.5.0-3+deb11u1, automatic), gnupg-utils:amd64 (2.2.27-2+deb11u2, automatic), gnupg-l10n:amd64 (2.2.27-2+deb11u2, automatic), gpg-wks-client:amd64 (2.2.27-2+deb11u2, automatic), libncursesw6:amd64 (6.2+20201114-2, automatic), gpgconf:amd64 (2.2.27-2+deb11u2, automatic)
End-Date: 2022-11-15  06:38:09

Start-Date: 2022-11-15  06:38:14
Commandline: apt-get install -y --no-install-recommends ca-certificates wget
Install: wget:amd64 (1.21-1+deb11u1), ca-certificates:amd64 (20210119), libpsl5:amd64 (0.21.0-1.2, automatic), openssl:amd64 (1.1.1n-0+deb11u3, automatic)
End-Date: 2022-11-15  06:38:16

Start-Date: 2022-11-15  06:38:18
Commandline: apt-get purge -y --auto-remove -o APT::AutoRemove::RecommendsImportant=false
Purge: wget:amd64 (1.21-1+deb11u1), ca-certificates:amd64 (20210119), libpsl5:amd64 (0.21.0-1.2), openssl:amd64 (1.1.1n-0+deb11u3)
End-Date: 2022-11-15  06:38:19

Start-Date: 2022-11-15  06:38:23
Commandline: apt-get install -y --no-install-recommends locales
Install: locales:amd64 (2.31-13+deb11u5), libc-l10n:amd64 (2.31-13+deb11u5, automatic)
End-Date: 2022-11-15  06:38:24

Start-Date: 2022-11-15  06:38:30
Commandline: apt-get install -y --no-install-recommends libnss-wrapper xz-utils zstd
Install: zstd:amd64 (1.4.8+dfsg-2.1), libnss-wrapper:amd64 (1.1.11-1), xz-utils:amd64 (5.2.5-2.1~deb11u1)
End-Date: 2022-11-15  06:38:30

Start-Date: 2022-11-15  06:38:37
Commandline: apt-get install -y --no-install-recommends postgresql-common
Install: libperl5.32:amd64 (5.32.1-4+deb11u2, automatic), libgdbm-compat4:amd64 (1.19-2, automatic), netbase:amd64 (6.3, automatic), ssl-cert:amd64 (1.1.0+nmu1, automatic), perl:amd64 (5.32.1-4+deb11u2, automatic), ucf:amd64 (3.0043, automatic), libjson-perl:amd64 (4.03000-1, automatic), sensible-utils:amd64 (0.0.14, automatic), postgresql-common:amd64 (246.pgdg110+1), postgresql-client-common:amd64 (246.pgdg110+1, automatic), perl-modules-5.32:amd64 (5.32.1-4+deb11u2, automatic), libgdbm6:amd64 (1.19-2, automatic), openssl:amd64 (1.1.1n-0+deb11u3, automatic)
End-Date: 2022-11-15  06:38:40

Start-Date: 2022-11-15  06:38:42
Commandline: apt-get install -y --no-install-recommends postgresql-15=15.1-1.pgdg110+1
Install: postgresql-15:amd64 (15.1-1.pgdg110+1), libllvm11:amd64 (1:11.0.1-2, automatic), libxml2:amd64 (2.9.10+dfsg-6.7+deb11u3, automatic), libbsd0:amd64 (0.11.3-1, automatic), libz3-4:amd64 (4.8.10-1, automatic), postgresql-client-15:amd64 (15.1-1.pgdg110+1, automatic), libxslt1.1:amd64 (1.1.34-4+deb11u1, automatic), libmd0:amd64 (1.0.3-3, automatic), libpq5:amd64 (15.1-1.pgdg110+1, automatic), libedit2:amd64 (3.1-20191231-2+b1, automatic), libicu67:amd64 (67.1-7, automatic)
End-Date: 2022-11-15  06:38:48
