2022-11-15 06:38:07 startup archives unpack
2022-11-15 06:38:07 install readline-common:all <none> 8.1-1
2022-11-15 06:38:07 status half-installed readline-common:all 8.1-1
2022-11-15 06:38:07 status unpacked readline-common:all 8.1-1
2022-11-15 06:38:07 install libreadline8:amd64 <none> 8.1-1
2022-11-15 06:38:07 status triggers-pending libc-bin:amd64 2.31-13+deb11u5
2022-11-15 06:38:07 status half-installed libreadline8:amd64 8.1-1
2022-11-15 06:38:08 status unpacked libreadline8:amd64 8.1-1
2022-11-15 06:38:08 install libassuan0:amd64 <none> 2.5.3-7.1
2022-11-15 06:38:08 status half-installed libassuan0:amd64 2.5.3-7.1
2022-11-15 06:38:08 status unpacked libassuan0:amd64 2.5.3-7.1
2022-11-15 06:38:08 install gpgconf:amd64 <none> 2.2.27-2+deb11u2
2022-11-15 06:38:08 status half-installed gpgconf:amd64 2.2.27-2+deb11u2
2022-11-15 06:38:08 status unpacked gpgconf:amd64 2.2.27-2+deb11u2
2022-11-15 06:38:08 install libksba8:amd64 <none> 1.5.0-3+deb11u1
2022-11-15 06:38:08 status half-installed libksba8:amd64 1.5.0-3+deb11u1
2022-11-15 06:38:08 status unpacked libksba8:amd64 1.5.0-3+deb11u1
2022-11-15 06:38:08 install libsasl2-modules-db:amd64 <none> 2.1.27+dfsg-2.1+deb11u1
2022-11-15 06:38:08 status half-installed libsasl2-modules-db:amd64 2.1.27+dfsg-2.1+deb11u1
2022-11-15 06:38:08 status unpacked libsasl2-modules-db:amd64 2.1.27+dfsg-2.1+deb11u1
2022-11-15 06:38:08 install libsasl2-2:amd64 <none> 2.1.27+dfsg-2.1+deb11u1
2022-11-15 06:38:08 status half-installed libsasl2-2:amd64 2.1.27+dfsg-2.1+deb11u1
2022-11-15 06:38:08 status unpacked libsasl2-2:amd64 2.1.27+dfsg-2.1+deb11u1
2022-11-15 06:38:08 install libldap-2.4-2:amd64 <none> 2.4.57+dfsg-3+deb11u1
2022-11-15 06:38:08 status half-installed libldap-2.4-2:amd64 2.4.57+dfsg-3+deb11u1
2022-11-15 06:38:08 status unpacked libldap-2.4-2:amd64 2.4.57+dfsg-3+deb11u1
2022-11-15 06:38:08 install libnpth0:amd64 <none> 1.6-3
2022-11-15 06:38:08 status half-installed libnpth0:amd64 1.6-3
2022-11-15 06:38:08 status unpacked libnpth0:amd64 1.6-3
2022-11-15 06:38:08 install dirmngr:amd64 <none> 2.2.27-2+deb11u2
2022-11-15 06:38:08 status half-installed dirmngr:amd64 2.2.27-2+deb11u2
2022-11-15 06:38:08 status unpacked dirmngr:amd64 2.2.27-2+deb11u2
2022-11-15 06:38:08 install gnupg-l10n:all <none> 2.2.27-2+deb11u2
2022-11-15 06:38:08 status half-installed gnupg-l10n:all 2.2.27-2+deb11u2
2022-11-15 06:38:08 status unpacked gnupg-l10n:all 2.2.27-2+deb11u2
2022-11-15 06:38:08 install gnupg-utils:amd64 <none> 2.2.27-2+deb11u2
2022-11-15 06:38:08 status half-installed gnupg-utils:amd64 2.2.27-2+deb11u2
2022-11-15 06:38:08 status unpacked gnupg-utils:amd64 2.2.27-2+deb11u2
2022-11-15 06:38:08 install libsqlite3-0:amd64 <none> 3.34.1-3
2022-11-15 06:38:08 status half-installed libsqlite3-0:amd64 3.34.1-3
2022-11-15 06:38:08 status unpacked libsqlite3-0:amd64 3.34.1-3
2022-11-15 06:38:08 install gpg:amd64 <none> 2.2.27-2+deb11u2
2022-11-15 06:38:08 status half-installed gpg:amd64 2.2.27-2+deb11u2
2022-11-15 06:38:08 status unpacked gpg:amd64 2.2.27-2+deb11u2
2022-11-15 06:38:08 install libncursesw6:amd64 <none> 6.2+20201114-2
2022-11-15 06:38:08 status half-installed libncursesw6:amd64 6.2+20201114-2
2022-11-15 06:38:08 status unpacked libncursesw6:amd64 6.2+20201114-2
2022-11-15 06:38:08 install pinentry-curses:amd64 <none> 1.1.0-4
2022-11-15 06:38:08 status half-installed pinentry-curses:amd64 1.1.0-4
2022-11-15 06:38:08 status unpacked pinentry-curses:amd64 1.1.0-4
2022-11-15 06:38:08 install gpg-agent:amd64 <none> 2.2.27-2+deb11u2
2022-11-15 06:38:08 status half-installed gpg-agent:amd64 2.2.27-2+deb11u2
2022-11-15 06:38:08 status unpacked gpg-agent:amd64 2.2.27-2+deb11u2
2022-11-15 06:38:08 install gpg-wks-client:amd64 <none> 2.2.27-2+deb11u2
2022-11-15 06:38:08 status half-installed gpg-wks-client:amd64 2.2.27-2+deb11u2
2022-11-15 06:38:08 status unpacked gpg-wks-client:amd64 2.2.27-2+deb11u2
2022-11-15 06:38:08 install gpg-wks-server:amd64 <none> 2.2.27-2+deb11u2
2022-11-15 06:38:08 status half-installed gpg-wks-server:amd64 2.2.27-2+deb11u2
2022-11-15 06:38:09 status unpacked gpg-wks-server:amd64 2.2.27-2+deb11u2
2022-11-15 06:38:09 install gpgsm:amd64 <none> 2.2.27-2+deb11u2
2022-11-15 06:38:09 status half-installed gpgsm:amd64 2.2.27-2+deb11u2
2022-11-15 06:38:09 status unpacked gpgsm:amd64 2.2.27-2+deb11u2
2022-11-15 06:38:09 install gnupg:all <none> 2.2.27-2+deb11u2
2022-11-15 06:38:09 status half-installed gnupg:all 2.2.27-2+deb11u2
2022-11-15 06:38:09 status unpacked gnupg:all 2.2.27-2+deb11u2
2022-11-15 06:38:09 startup packages configure
2022-11-15 06:38:09 configure libksba8:amd64 1.5.0-3+deb11u1 <none>
2022-11-15 06:38:09 status unpacked libksba8:amd64 1.5.0-3+deb11u1
2022-11-15 06:38:09 status half-configured libksba8:amd64 1.5.0-3+deb11u1
2022-11-15 06:38:09 status installed libksba8:amd64 1.5.0-3+deb11u1
2022-11-15 06:38:09 configure libsqlite3-0:amd64 3.34.1-3 <none>
2022-11-15 06:38:09 status unpacked libsqlite3-0:amd64 3.34.1-3
2022-11-15 06:38:09 status half-configured libsqlite3-0:amd64 3.34.1-3
2022-11-15 06:38:09 status installed libsqlite3-0:amd64 3.34.1-3
2022-11-15 06:38:09 configure libnpth0:amd64 1.6-3 <none>
2022-11-15 06:38:09 status unpacked libnpth0:amd64 1.6-3
2022-11-15 06:38:09 status half-configured libnpth0:amd64 1.6-3
2022-11-15 06:38:09 status installed libnpth0:amd64 1.6-3
2022-11-15 06:38:09 configure libassuan0:amd64 2.5.3-7.1 <none>
2022-11-15 06:38:09 status unpacked libassuan0:amd64 2.5.3-7.1
2022-11-15 06:38:09 status half-configured libassuan0:amd64 2.5.3-7.1
2022-11-15 06:38:09 status installed libassuan0:amd64 2.5.3-7.1
2022-11-15 06:38:09 configure libsasl2-modules-db:amd64 2.1.27+dfsg-2.1+deb11u1 <none>
2022-11-15 06:38:09 status unpacked libsasl2-modules-db:amd64 2.1.27+dfsg-2.1+deb11u1
2022-11-15 06:38:09 status half-configured libsasl2-modules-db:amd64 2.1.27+dfsg-2.1+deb11u1
2022-11-15 06:38:09 status installed libsasl2-modules-db:amd64 2.1.27+dfsg-2.1+deb11u1
2022-11-15 06:38:09 configure gnupg-l10n:all 2.2.27-2+deb11u2 <none>
2022-11-15 06:38:09 status unpacked gnupg-l10n:all 2.2.27-2+deb11u2
2022-11-15 06:38:09 status half-configured gnupg-l10n:all 2.2.27-2+deb11u2
2022-11-15 06:38:09 status installed gnupg-l10n:all 2.2.27-2+deb11u2
2022-11-15 06:38:09 configure libncursesw6:amd64 6.2+20201114-2 <none>
2022-11-15 06:38:09 status unpacked libncursesw6:amd64 6.2+20201114-2
2022-11-15 06:38:09 status half-configured libncursesw6:amd64 6.2+20201114-2
2022-11-15 06:38:09 status installed libncursesw6:amd64 6.2+20201114-2
2022-11-15 06:38:09 configure libsasl2-2:amd64 2.1.27+dfsg-2.1+deb11u1 <none>
2022-11-15 06:38:09 status unpacked libsasl2-2:amd64 2.1.27+dfsg-2.1+deb11u1
2022-11-15 06:38:09 status half-configured libsasl2-2:amd64 2.1.27+dfsg-2.1+deb11u1
2022-11-15 06:38:09 status installed libsasl2-2:amd64 2.1.27+dfsg-2.1+deb11u1
2022-11-15 06:38:09 configure readline-common:all 8.1-1 <none>
2022-11-15 06:38:09 status unpacked readline-common:all 8.1-1
2022-11-15 06:38:09 status half-configured readline-common:all 8.1-1
2022-11-15 06:38:09 status installed readline-common:all 8.1-1
2022-11-15 06:38:09 configure pinentry-curses:amd64 1.1.0-4 <none>
2022-11-15 06:38:09 status unpacked pinentry-curses:amd64 1.1.0-4
2022-11-15 06:38:09 status half-configured pinentry-curses:amd64 1.1.0-4
2022-11-15 06:38:09 status installed pinentry-curses:amd64 1.1.0-4
2022-11-15 06:38:09 configure libreadline8:amd64 8.1-1 <none>
2022-11-15 06:38:09 status unpacked libreadline8:amd64 8.1-1
2022-11-15 06:38:09 status half-configured libreadline8:amd64 8.1-1
2022-11-15 06:38:09 status installed libreadline8:amd64 8.1-1
2022-11-15 06:38:09 configure libldap-2.4-2:amd64 2.4.57+dfsg-3+deb11u1 <none>
2022-11-15 06:38:09 status unpacked libldap-2.4-2:amd64 2.4.57+dfsg-3+deb11u1
2022-11-15 06:38:09 status half-configured libldap-2.4-2:amd64 2.4.57+dfsg-3+deb11u1
2022-11-15 06:38:09 status installed libldap-2.4-2:amd64 2.4.57+dfsg-3+deb11u1
2022-11-15 06:38:09 configure gpgconf:amd64 2.2.27-2+deb11u2 <none>
2022-11-15 06:38:09 status unpacked gpgconf:amd64 2.2.27-2+deb11u2
2022-11-15 06:38:09 status half-configured gpgconf:amd64 2.2.27-2+deb11u2
2022-11-15 06:38:09 status installed gpgconf:amd64 2.2.27-2+deb11u2
2022-11-15 06:38:09 configure gpg:amd64 2.2.27-2+deb11u2 <none>
2022-11-15 06:38:09 status unpacked gpg:amd64 2.2.27-2+deb11u2
2022-11-15 06:38:09 status half-configured gpg:amd64 2.2.27-2+deb11u2
2022-11-15 06:38:09 status installed gpg:amd64 2.2.27-2+deb11u2
2022-11-15 06:38:09 configure gnupg-utils:amd64 2.2.27-2+deb11u2 <none>
2022-11-15 06:38:09 status unpacked gnupg-utils:amd64 2.2.27-2+deb11u2
2022-11-15 06:38:09 status half-configured gnupg-utils:amd64 2.2.27-2+deb11u2
2022-11-15 06:38:09 status installed gnupg-utils:amd64 2.2.27-2+deb11u2
2022-11-15 06:38:09 configure gpg-agent:amd64 2.2.27-2+deb11u2 <none>
2022-11-15 06:38:09 status unpacked gpg-agent:amd64 2.2.27-2+deb11u2
2022-11-15 06:38:09 status half-configured gpg-agent:amd64 2.2.27-2+deb11u2
2022-11-15 06:38:09 status installed gpg-agent:amd64 2.2.27-2+deb11u2
2022-11-15 06:38:09 configure gpgsm:amd64 2.2.27-2+deb11u2 <none>
2022-11-15 06:38:09 status unpacked gpgsm:amd64 2.2.27-2+deb11u2
2022-11-15 06:38:09 status half-configured gpgsm:amd64 2.2.27-2+deb11u2
2022-11-15 06:38:09 status installed gpgsm:amd64 2.2.27-2+deb11u2
2022-11-15 06:38:09 configure dirmngr:amd64 2.2.27-2+deb11u2 <none>
2022-11-15 06:38:09 status unpacked dirmngr:amd64 2.2.27-2+deb11u2
2022-11-15 06:38:09 status half-configured dirmngr:amd64 2.2.27-2+deb11u2
2022-11-15 06:38:09 status installed dirmngr:amd64 2.2.27-2+deb11u2
2022-11-15 06:38:09 configure gpg-wks-server:amd64 2.2.27-2+deb11u2 <none>
2022-11-15 06:38:09 status unpacked gpg-wks-server:amd64 2.2.27-2+deb11u2
2022-11-15 06:38:09 status half-configured gpg-wks-server:amd64 2.2.27-2+deb11u2
2022-11-15 06:38:09 status installed gpg-wks-server:amd64 2.2.27-2+deb11u2
2022-11-15 06:38:09 configure gpg-wks-client:amd64 2.2.27-2+deb11u2 <none>
2022-11-15 06:38:09 status unpacked gpg-wks-client:amd64 2.2.27-2+deb11u2
2022-11-15 06:38:09 status half-configured gpg-wks-client:amd64 2.2.27-2+deb11u2
2022-11-15 06:38:09 status installed gpg-wks-client:amd64 2.2.27-2+deb11u2
2022-11-15 06:38:09 configure gnupg:all 2.2.27-2+deb11u2 <none>
2022-11-15 06:38:09 status unpacked gnupg:all 2.2.27-2+deb11u2
2022-11-15 06:38:09 status half-configured gnupg:all 2.2.27-2+deb11u2
2022-11-15 06:38:09 status installed gnupg:all 2.2.27-2+deb11u2
2022-11-15 06:38:09 trigproc libc-bin:amd64 2.31-13+deb11u5 <none>
2022-11-15 06:38:09 status half-configured libc-bin:amd64 2.31-13+deb11u5
2022-11-15 06:38:09 status installed libc-bin:amd64 2.31-13+deb11u5
2022-11-15 06:38:14 startup archives unpack
2022-11-15 06:38:14 install openssl:amd64 <none> 1.1.1n-0+deb11u3
2022-11-15 06:38:14 status half-installed openssl:amd64 1.1.1n-0+deb11u3
2022-11-15 06:38:14 status unpacked openssl:amd64 1.1.1n-0+deb11u3
2022-11-15 06:38:14 install ca-certificates:all <none> 20210119
2022-11-15 06:38:14 status half-installed ca-certificates:all 20210119
2022-11-15 06:38:14 status unpacked ca-certificates:all 20210119
2022-11-15 06:38:14 install libpsl5:amd64 <none> 0.21.0-1.2
2022-11-15 06:38:14 status triggers-pending libc-bin:amd64 2.31-13+deb11u5
2022-11-15 06:38:14 status half-installed libpsl5:amd64 0.21.0-1.2
2022-11-15 06:38:14 status unpacked libpsl5:amd64 0.21.0-1.2
2022-11-15 06:38:14 install wget:amd64 <none> 1.21-1+deb11u1
2022-11-15 06:38:14 status half-installed wget:amd64 1.21-1+deb11u1
2022-11-15 06:38:14 status unpacked wget:amd64 1.21-1+deb11u1
2022-11-15 06:38:14 startup packages configure
2022-11-15 06:38:14 configure libpsl5:amd64 0.21.0-1.2 <none>
2022-11-15 06:38:14 status unpacked libpsl5:amd64 0.21.0-1.2
2022-11-15 06:38:14 status half-configured libpsl5:amd64 0.21.0-1.2
2022-11-15 06:38:15 status installed libpsl5:amd64 0.21.0-1.2
2022-11-15 06:38:15 configure wget:amd64 1.21-1+deb11u1 <none>
2022-11-15 06:38:15 status unpacked wget:amd64 1.21-1+deb11u1
2022-11-15 06:38:15 status half-configured wget:amd64 1.21-1+deb11u1
2022-11-15 06:38:15 status installed wget:amd64 1.21-1+deb11u1
2022-11-15 06:38:15 configure openssl:amd64 1.1.1n-0+deb11u3 <none>
2022-11-15 06:38:15 status unpacked openssl:amd64 1.1.1n-0+deb11u3
2022-11-15 06:38:15 status half-configured openssl:amd64 1.1.1n-0+deb11u3
2022-11-15 06:38:15 status installed openssl:amd64 1.1.1n-0+deb11u3
2022-11-15 06:38:15 configure ca-certificates:all 20210119 <none>
2022-11-15 06:38:15 status unpacked ca-certificates:all 20210119
2022-11-15 06:38:15 status half-configured ca-certificates:all 20210119
2022-11-15 06:38:15 status installed ca-certificates:all 20210119
2022-11-15 06:38:15 status triggers-pending ca-certificates:all 20210119
2022-11-15 06:38:15 trigproc libc-bin:amd64 2.31-13+deb11u5 <none>
2022-11-15 06:38:15 status half-configured libc-bin:amd64 2.31-13+deb11u5
2022-11-15 06:38:15 status installed libc-bin:amd64 2.31-13+deb11u5
2022-11-15 06:38:15 trigproc ca-certificates:all 20210119 <none>
2022-11-15 06:38:15 status half-configured ca-certificates:all 20210119
2022-11-15 06:38:16 status installed ca-certificates:all 20210119
2022-11-15 06:38:18 startup packages remove
2022-11-15 06:38:18 status installed ca-certificates:all 20210119
2022-11-15 06:38:18 remove ca-certificates:all 20210119 <none>
2022-11-15 06:38:18 status half-configured ca-certificates:all 20210119
2022-11-15 06:38:18 status half-installed ca-certificates:all 20210119
2022-11-15 06:38:18 status config-files ca-certificates:all 20210119
2022-11-15 06:38:18 status installed wget:amd64 1.21-1+deb11u1
2022-11-15 06:38:18 remove wget:amd64 1.21-1+deb11u1 <none>
2022-11-15 06:38:18 status half-configured wget:amd64 1.21-1+deb11u1
2022-11-15 06:38:18 status half-installed wget:amd64 1.21-1+deb11u1
2022-11-15 06:38:18 status config-files wget:amd64 1.21-1+deb11u1
2022-11-15 06:38:18 status installed libpsl5:amd64 0.21.0-1.2
2022-11-15 06:38:18 remove libpsl5:amd64 0.21.0-1.2 <none>
2022-11-15 06:38:18 status triggers-pending libc-bin:amd64 2.31-13+deb11u5
2022-11-15 06:38:18 status half-configured libpsl5:amd64 0.21.0-1.2
2022-11-15 06:38:18 status half-installed libpsl5:amd64 0.21.0-1.2
2022-11-15 06:38:18 status config-files libpsl5:amd64 0.21.0-1.2
2022-11-15 06:38:18 status not-installed libpsl5:amd64 <none>
2022-11-15 06:38:18 status installed openssl:amd64 1.1.1n-0+deb11u3
2022-11-15 06:38:18 remove openssl:amd64 1.1.1n-0+deb11u3 <none>
2022-11-15 06:38:18 status half-configured openssl:amd64 1.1.1n-0+deb11u3
2022-11-15 06:38:18 status half-installed openssl:amd64 1.1.1n-0+deb11u3
2022-11-15 06:38:18 status config-files openssl:amd64 1.1.1n-0+deb11u3
2022-11-15 06:38:18 startup packages configure
2022-11-15 06:38:18 trigproc libc-bin:amd64 2.31-13+deb11u5 <none>
2022-11-15 06:38:18 status half-configured libc-bin:amd64 2.31-13+deb11u5
2022-11-15 06:38:18 status installed libc-bin:amd64 2.31-13+deb11u5
2022-11-15 06:38:18 startup packages purge
2022-11-15 06:38:18 purge wget:amd64 1.21-1+deb11u1 <none>
2022-11-15 06:38:18 status config-files wget:amd64 1.21-1+deb11u1
2022-11-15 06:38:19 status not-installed wget:amd64 <none>
2022-11-15 06:38:19 purge ca-certificates:all 20210119 <none>
2022-11-15 06:38:19 status config-files ca-certificates:all 20210119
2022-11-15 06:38:19 status not-installed ca-certificates:all <none>
2022-11-15 06:38:19 purge openssl:amd64 1.1.1n-0+deb11u3 <none>
2022-11-15 06:38:19 status config-files openssl:amd64 1.1.1n-0+deb11u3
2022-11-15 06:38:19 status not-installed openssl:amd64 <none>
2022-11-15 06:38:19 startup packages configure
2022-11-15 06:38:23 startup archives unpack
2022-11-15 06:38:23 install libc-l10n:all <none> 2.31-13+deb11u5
2022-11-15 06:38:23 status half-installed libc-l10n:all 2.31-13+deb11u5
2022-11-15 06:38:23 status unpacked libc-l10n:all 2.31-13+deb11u5
2022-11-15 06:38:23 install locales:all <none> 2.31-13+deb11u5
2022-11-15 06:38:23 status half-installed locales:all 2.31-13+deb11u5
2022-11-15 06:38:23 status unpacked locales:all 2.31-13+deb11u5
2022-11-15 06:38:23 startup packages configure
2022-11-15 06:38:23 configure libc-l10n:all 2.31-13+deb11u5 <none>
2022-11-15 06:38:23 status unpacked libc-l10n:all 2.31-13+deb11u5
2022-11-15 06:38:23 status half-configured libc-l10n:all 2.31-13+deb11u5
2022-11-15 06:38:23 status installed libc-l10n:all 2.31-13+deb11u5
2022-11-15 06:38:23 configure locales:all 2.31-13+deb11u5 <none>
2022-11-15 06:38:23 status unpacked locales:all 2.31-13+deb11u5
2022-11-15 06:38:23 status half-configured locales:all 2.31-13+deb11u5
2022-11-15 06:38:24 status installed locales:all 2.31-13+deb11u5
2022-11-15 06:38:30 startup archives unpack
2022-11-15 06:38:30 install xz-utils:amd64 <none> 5.2.5-2.1~deb11u1
2022-11-15 06:38:30 status half-installed xz-utils:amd64 5.2.5-2.1~deb11u1
2022-11-15 06:38:30 status unpacked xz-utils:amd64 5.2.5-2.1~deb11u1
2022-11-15 06:38:30 install libnss-wrapper:amd64 <none> 1.1.11-1
2022-11-15 06:38:30 status half-installed libnss-wrapper:amd64 1.1.11-1
2022-11-15 06:38:30 status unpacked libnss-wrapper:amd64 1.1.11-1
2022-11-15 06:38:30 install zstd:amd64 <none> 1.4.8+dfsg-2.1
2022-11-15 06:38:30 status half-installed zstd:amd64 1.4.8+dfsg-2.1
2022-11-15 06:38:30 status unpacked zstd:amd64 1.4.8+dfsg-2.1
2022-11-15 06:38:30 startup packages configure
2022-11-15 06:38:30 configure xz-utils:amd64 5.2.5-2.1~deb11u1 <none>
2022-11-15 06:38:30 status unpacked xz-utils:amd64 5.2.5-2.1~deb11u1
2022-11-15 06:38:30 status half-configured xz-utils:amd64 5.2.5-2.1~deb11u1
2022-11-15 06:38:30 status installed xz-utils:amd64 5.2.5-2.1~deb11u1
2022-11-15 06:38:30 configure zstd:amd64 1.4.8+dfsg-2.1 <none>
2022-11-15 06:38:30 status unpacked zstd:amd64 1.4.8+dfsg-2.1
2022-11-15 06:38:30 status half-configured zstd:amd64 1.4.8+dfsg-2.1
2022-11-15 06:38:30 status installed zstd:amd64 1.4.8+dfsg-2.1
2022-11-15 06:38:30 configure libnss-wrapper:amd64 1.1.11-1 <none>
2022-11-15 06:38:30 status unpacked libnss-wrapper:amd64 1.1.11-1
2022-11-15 06:38:30 status half-configured libnss-wrapper:amd64 1.1.11-1
2022-11-15 06:38:30 status installed libnss-wrapper:amd64 1.1.11-1
2022-11-15 06:38:37 startup archives unpack
2022-11-15 06:38:37 install perl-modules-5.32:all <none> 5.32.1-4+deb11u2
2022-11-15 06:38:37 status half-installed perl-modules-5.32:all 5.32.1-4+deb11u2
2022-11-15 06:38:38 status unpacked perl-modules-5.32:all 5.32.1-4+deb11u2
2022-11-15 06:38:38 install libgdbm6:amd64 <none> 1.19-2
2022-11-15 06:38:38 status triggers-pending libc-bin:amd64 2.31-13+deb11u5
2022-11-15 06:38:38 status half-installed libgdbm6:amd64 1.19-2
2022-11-15 06:38:38 status unpacked libgdbm6:amd64 1.19-2
2022-11-15 06:38:38 install libgdbm-compat4:amd64 <none> 1.19-2
2022-11-15 06:38:38 status half-installed libgdbm-compat4:amd64 1.19-2
2022-11-15 06:38:38 status unpacked libgdbm-compat4:amd64 1.19-2
2022-11-15 06:38:38 install libperl5.32:amd64 <none> 5.32.1-4+deb11u2
2022-11-15 06:38:38 status half-installed libperl5.32:amd64 5.32.1-4+deb11u2
2022-11-15 06:38:38 status unpacked libperl5.32:amd64 5.32.1-4+deb11u2
2022-11-15 06:38:38 install perl:amd64 <none> 5.32.1-4+deb11u2
2022-11-15 06:38:38 status half-installed perl:amd64 5.32.1-4+deb11u2
2022-11-15 06:38:38 status unpacked perl:amd64 5.32.1-4+deb11u2
2022-11-15 06:38:38 install libjson-perl:all <none> 4.03000-1
2022-11-15 06:38:38 status half-installed libjson-perl:all 4.03000-1
2022-11-15 06:38:38 status unpacked libjson-perl:all 4.03000-1
2022-11-15 06:38:38 install netbase:all <none> 6.3
2022-11-15 06:38:38 status half-installed netbase:all 6.3
2022-11-15 06:38:38 status unpacked netbase:all 6.3
2022-11-15 06:38:38 install postgresql-client-common:all <none> 246.pgdg110+1
2022-11-15 06:38:38 status half-installed postgresql-client-common:all 246.pgdg110+1
2022-11-15 06:38:38 status unpacked postgresql-client-common:all 246.pgdg110+1
2022-11-15 06:38:38 install openssl:amd64 <none> 1.1.1n-0+deb11u3
2022-11-15 06:38:38 status half-installed openssl:amd64 1.1.1n-0+deb11u3
2022-11-15 06:38:38 status unpacked openssl:amd64 1.1.1n-0+deb11u3
2022-11-15 06:38:38 install ssl-cert:all <none> 1.1.0+nmu1
2022-11-15 06:38:38 status half-installed ssl-cert:all 1.1.0+nmu1
2022-11-15 06:38:38 status unpacked ssl-cert:all 1.1.0+nmu1
2022-11-15 06:38:38 install sensible-utils:all <none> 0.0.14
2022-11-15 06:38:38 status half-installed sensible-utils:all 0.0.14
2022-11-15 06:38:39 status unpacked sensible-utils:all 0.0.14
2022-11-15 06:38:39 install ucf:all <none> 3.0043
2022-11-15 06:38:39 status half-installed ucf:all 3.0043
2022-11-15 06:38:39 status unpacked ucf:all 3.0043
2022-11-15 06:38:39 install postgresql-common:all <none> 246.pgdg110+1
2022-11-15 06:38:39 status half-installed postgresql-common:all 246.pgdg110+1
2022-11-15 06:38:39 status unpacked postgresql-common:all 246.pgdg110+1
2022-11-15 06:38:39 startup packages configure
2022-11-15 06:38:39 configure perl-modules-5.32:all 5.32.1-4+deb11u2 <none>
2022-11-15 06:38:39 status unpacked perl-modules-5.32:all 5.32.1-4+deb11u2
2022-11-15 06:38:39 status half-configured perl-modules-5.32:all 5.32.1-4+deb11u2
2022-11-15 06:38:39 status installed perl-modules-5.32:all 5.32.1-4+deb11u2
2022-11-15 06:38:39 configure sensible-utils:all 0.0.14 <none>
2022-11-15 06:38:39 status unpacked sensible-utils:all 0.0.14
2022-11-15 06:38:39 status half-configured sensible-utils:all 0.0.14
2022-11-15 06:38:39 status installed sensible-utils:all 0.0.14
2022-11-15 06:38:39 configure netbase:all 6.3 <none>
2022-11-15 06:38:39 status unpacked netbase:all 6.3
2022-11-15 06:38:39 status half-configured netbase:all 6.3
2022-11-15 06:38:39 status installed netbase:all 6.3
2022-11-15 06:38:39 configure openssl:amd64 1.1.1n-0+deb11u3 <none>
2022-11-15 06:38:39 status unpacked openssl:amd64 1.1.1n-0+deb11u3
2022-11-15 06:38:39 status half-configured openssl:amd64 1.1.1n-0+deb11u3
2022-11-15 06:38:39 status installed openssl:amd64 1.1.1n-0+deb11u3
2022-11-15 06:38:39 configure libgdbm6:amd64 1.19-2 <none>
2022-11-15 06:38:39 status unpacked libgdbm6:amd64 1.19-2
2022-11-15 06:38:39 status half-configured libgdbm6:amd64 1.19-2
2022-11-15 06:38:39 status installed libgdbm6:amd64 1.19-2
2022-11-15 06:38:39 configure ssl-cert:all 1.1.0+nmu1 <none>
2022-11-15 06:38:39 status unpacked ssl-cert:all 1.1.0+nmu1
2022-11-15 06:38:39 status half-configured ssl-cert:all 1.1.0+nmu1
2022-11-15 06:38:39 status installed ssl-cert:all 1.1.0+nmu1
2022-11-15 06:38:39 configure libgdbm-compat4:amd64 1.19-2 <none>
2022-11-15 06:38:39 status unpacked libgdbm-compat4:amd64 1.19-2
2022-11-15 06:38:39 status half-configured libgdbm-compat4:amd64 1.19-2
2022-11-15 06:38:39 status installed libgdbm-compat4:amd64 1.19-2
2022-11-15 06:38:39 configure ucf:all 3.0043 <none>
2022-11-15 06:38:39 status unpacked ucf:all 3.0043
2022-11-15 06:38:39 status half-configured ucf:all 3.0043
2022-11-15 06:38:39 status installed ucf:all 3.0043
2022-11-15 06:38:39 configure libperl5.32:amd64 5.32.1-4+deb11u2 <none>
2022-11-15 06:38:39 status unpacked libperl5.32:amd64 5.32.1-4+deb11u2
2022-11-15 06:38:39 status half-configured libperl5.32:amd64 5.32.1-4+deb11u2
2022-11-15 06:38:39 status installed libperl5.32:amd64 5.32.1-4+deb11u2
2022-11-15 06:38:39 configure perl:amd64 5.32.1-4+deb11u2 <none>
2022-11-15 06:38:39 status unpacked perl:amd64 5.32.1-4+deb11u2
2022-11-15 06:38:39 status half-configured perl:amd64 5.32.1-4+deb11u2
2022-11-15 06:38:39 status installed perl:amd64 5.32.1-4+deb11u2
2022-11-15 06:38:39 configure libjson-perl:all 4.03000-1 <none>
2022-11-15 06:38:39 status unpacked libjson-perl:all 4.03000-1
2022-11-15 06:38:39 status half-configured libjson-perl:all 4.03000-1
2022-11-15 06:38:39 status installed libjson-perl:all 4.03000-1
2022-11-15 06:38:39 configure postgresql-client-common:all 246.pgdg110+1 <none>
2022-11-15 06:38:39 status unpacked postgresql-client-common:all 246.pgdg110+1
2022-11-15 06:38:39 status half-configured postgresql-client-common:all 246.pgdg110+1
2022-11-15 06:38:39 status installed postgresql-client-common:all 246.pgdg110+1
2022-11-15 06:38:39 configure postgresql-common:all 246.pgdg110+1 <none>
2022-11-15 06:38:39 status unpacked postgresql-common:all 246.pgdg110+1
2022-11-15 06:38:39 status half-configured postgresql-common:all 246.pgdg110+1
2022-11-15 06:38:40 status installed postgresql-common:all 246.pgdg110+1
2022-11-15 06:38:40 trigproc libc-bin:amd64 2.31-13+deb11u5 <none>
2022-11-15 06:38:40 status half-configured libc-bin:amd64 2.31-13+deb11u5
2022-11-15 06:38:40 status installed libc-bin:amd64 2.31-13+deb11u5
2022-11-15 06:38:42 startup archives unpack
2022-11-15 06:38:42 install libmd0:amd64 <none> 1.0.3-3
2022-11-15 06:38:42 status triggers-pending libc-bin:amd64 2.31-13+deb11u5
2022-11-15 06:38:42 status half-installed libmd0:amd64 1.0.3-3
2022-11-15 06:38:42 status unpacked libmd0:amd64 1.0.3-3
2022-11-15 06:38:42 install libbsd0:amd64 <none> 0.11.3-1
2022-11-15 06:38:42 status half-installed libbsd0:amd64 0.11.3-1
2022-11-15 06:38:42 status unpacked libbsd0:amd64 0.11.3-1
2022-11-15 06:38:42 install libedit2:amd64 <none> 3.1-20191231-2+b1
2022-11-15 06:38:42 status half-installed libedit2:amd64 3.1-20191231-2+b1
2022-11-15 06:38:42 status unpacked libedit2:amd64 3.1-20191231-2+b1
2022-11-15 06:38:42 install libicu67:amd64 <none> 67.1-7
2022-11-15 06:38:42 status half-installed libicu67:amd64 67.1-7
2022-11-15 06:38:43 status unpacked libicu67:amd64 67.1-7
2022-11-15 06:38:43 install libz3-4:amd64 <none> 4.8.10-1
2022-11-15 06:38:43 status half-installed libz3-4:amd64 4.8.10-1
2022-11-15 06:38:44 status unpacked libz3-4:amd64 4.8.10-1
2022-11-15 06:38:44 install libllvm11:amd64 <none> 1:11.0.1-2
2022-11-15 06:38:44 status half-installed libllvm11:amd64 1:11.0.1-2
2022-11-15 06:38:45 status unpacked libllvm11:amd64 1:11.0.1-2
2022-11-15 06:38:45 install libpq5:amd64 <none> 15.1-1.pgdg110+1
2022-11-15 06:38:45 status half-installed libpq5:amd64 15.1-1.pgdg110+1
2022-11-15 06:38:45 status unpacked libpq5:amd64 15.1-1.pgdg110+1
2022-11-15 06:38:46 install libxml2:amd64 <none> 2.9.10+dfsg-6.7+deb11u3
2022-11-15 06:38:46 status half-installed libxml2:amd64 2.9.10+dfsg-6.7+deb11u3
2022-11-15 06:38:46 status unpacked libxml2:amd64 2.9.10+dfsg-6.7+deb11u3
2022-11-15 06:38:46 install libxslt1.1:amd64 <none> 1.1.34-4+deb11u1
2022-11-15 06:38:46 status half-installed libxslt1.1:amd64 1.1.34-4+deb11u1
2022-11-15 06:38:46 status unpacked libxslt1.1:amd64 1.1.34-4+deb11u1
2022-11-15 06:38:46 install postgresql-client-15:amd64 <none> 15.1-1.pgdg110+1
2022-11-15 06:38:46 status half-installed postgresql-client-15:amd64 15.1-1.pgdg110+1
2022-11-15 06:38:46 status triggers-pending postgresql-common:all 246.pgdg110+1
2022-11-15 06:38:46 status unpacked postgresql-client-15:amd64 15.1-1.pgdg110+1
2022-11-15 06:38:46 install postgresql-15:amd64 <none> 15.1-1.pgdg110+1
2022-11-15 06:38:46 status half-installed postgresql-15:amd64 15.1-1.pgdg110+1
2022-11-15 06:38:47 status unpacked postgresql-15:amd64 15.1-1.pgdg110+1
2022-11-15 06:38:47 startup packages configure
2022-11-15 06:38:47 configure libicu67:amd64 67.1-7 <none>
2022-11-15 06:38:47 status unpacked libicu67:amd64 67.1-7
2022-11-15 06:38:47 status half-configured libicu67:amd64 67.1-7
2022-11-15 06:38:47 status installed libicu67:amd64 67.1-7
2022-11-15 06:38:47 configure libpq5:amd64 15.1-1.pgdg110+1 <none>
2022-11-15 06:38:47 status unpacked libpq5:amd64 15.1-1.pgdg110+1
2022-11-15 06:38:47 status half-configured libpq5:amd64 15.1-1.pgdg110+1
2022-11-15 06:38:47 status installed libpq5:amd64 15.1-1.pgdg110+1
2022-11-15 06:38:47 configure postgresql-client-15:amd64 15.1-1.pgdg110+1 <none>
2022-11-15 06:38:47 status unpacked postgresql-client-15:amd64 15.1-1.pgdg110+1
2022-11-15 06:38:47 status half-configured postgresql-client-15:amd64 15.1-1.pgdg110+1
2022-11-15 06:38:48 status installed postgresql-client-15:amd64 15.1-1.pgdg110+1
2022-11-15 06:38:48 configure libz3-4:amd64 4.8.10-1 <none>
2022-11-15 06:38:48 status unpacked libz3-4:amd64 4.8.10-1
2022-11-15 06:38:48 status half-configured libz3-4:amd64 4.8.10-1
2022-11-15 06:38:48 status installed libz3-4:amd64 4.8.10-1
2022-11-15 06:38:48 configure libmd0:amd64 1.0.3-3 <none>
2022-11-15 06:38:48 status unpacked libmd0:amd64 1.0.3-3
2022-11-15 06:38:48 status half-configured libmd0:amd64 1.0.3-3
2022-11-15 06:38:48 status installed libmd0:amd64 1.0.3-3
2022-11-15 06:38:48 configure libbsd0:amd64 0.11.3-1 <none>
2022-11-15 06:38:48 status unpacked libbsd0:amd64 0.11.3-1
2022-11-15 06:38:48 status half-configured libbsd0:amd64 0.11.3-1
2022-11-15 06:38:48 status installed libbsd0:amd64 0.11.3-1
2022-11-15 06:38:48 configure libxml2:amd64 2.9.10+dfsg-6.7+deb11u3 <none>
2022-11-15 06:38:48 status unpacked libxml2:amd64 2.9.10+dfsg-6.7+deb11u3
2022-11-15 06:38:48 status half-configured libxml2:amd64 2.9.10+dfsg-6.7+deb11u3
2022-11-15 06:38:48 status installed libxml2:amd64 2.9.10+dfsg-6.7+deb11u3
2022-11-15 06:38:48 configure libedit2:amd64 3.1-20191231-2+b1 <none>
2022-11-15 06:38:48 status unpacked libedit2:amd64 3.1-20191231-2+b1
2022-11-15 06:38:48 status half-configured libedit2:amd64 3.1-20191231-2+b1
2022-11-15 06:38:48 status installed libedit2:amd64 3.1-20191231-2+b1
2022-11-15 06:38:48 configure libllvm11:amd64 1:11.0.1-2 <none>
2022-11-15 06:38:48 status unpacked libllvm11:amd64 1:11.0.1-2
2022-11-15 06:38:48 status half-configured libllvm11:amd64 1:11.0.1-2
2022-11-15 06:38:48 status installed libllvm11:amd64 1:11.0.1-2
2022-11-15 06:38:48 configure libxslt1.1:amd64 1.1.34-4+deb11u1 <none>
2022-11-15 06:38:48 status unpacked libxslt1.1:amd64 1.1.34-4+deb11u1
2022-11-15 06:38:48 status half-configured libxslt1.1:amd64 1.1.34-4+deb11u1
2022-11-15 06:38:48 status installed libxslt1.1:amd64 1.1.34-4+deb11u1
2022-11-15 06:38:48 configure postgresql-15:amd64 15.1-1.pgdg110+1 <none>
2022-11-15 06:38:48 status unpacked postgresql-15:amd64 15.1-1.pgdg110+1
2022-11-15 06:38:48 status half-configured postgresql-15:amd64 15.1-1.pgdg110+1
2022-11-15 06:38:48 status installed postgresql-15:amd64 15.1-1.pgdg110+1
2022-11-15 06:38:48 trigproc postgresql-common:all 246.pgdg110+1 <none>
2022-11-15 06:38:48 status half-configured postgresql-common:all 246.pgdg110+1
2022-11-15 06:38:48 status installed postgresql-common:all 246.pgdg110+1
2022-11-15 06:38:48 trigproc libc-bin:amd64 2.31-13+deb11u5 <none>
2022-11-15 06:38:48 status half-configured libc-bin:amd64 2.31-13+deb11u5
2022-11-15 06:38:48 status installed libc-bin:amd64 2.31-13+deb11u5
